2020-06-15 17:37:22.939267	Optimization

2020-06-15 17:37:22.940582	AStar optimization. Using network from .
2020-06-15 17:37:22.941361	Received arguments: {'location': 'data/main', 'iterations': 100, 'agent': 'AStar', 'depth': 0, 'eval_games': 100, 'save_optimal': True, 'use_best': True, 'optim_lengths': True}
2020-06-15 17:37:22.942292	Optimizer BayesianOptimizer() created parameters: {
                          	    "expansions": [
                          	        1,
                          	        5000
                          	    ],
                          	    "lambda_": [
                          	        0,
                          	        0.5
                          	    ]
                          	}
2020-06-15 17:37:22.945271	Created Bayesian Optimizer with alpha=0.001 and 20 restarts for each optimization. Acquisition function is ei.
2020-06-15 17:37:22.946347	Optimization 0: Chosen parameters:	: {
                          	    "expansions": 2775,
                          	    "lambda_": 0.0002083336656571455
                          	}
2020-06-15 17:43:33.471361		 RESULTS: Solved:: 1.0, Mean length 23.74
2020-06-15 17:43:33.670453	Optimization 0: Score: 0.04212299915754002
2020-06-15 17:43:33.728829	Optimization 1: Chosen parameters:	: {
                          	    "expansions": 3770,
                          	    "lambda_": 0.30691628830385903
                          	}
2020-06-15 17:51:42.449284		 RESULTS: Solved:: 0.77, Mean length 22.623376623376622
2020-06-15 17:51:42.713914	Optimization 1: Score: 0.034035591274397245
2020-06-15 17:51:42.749138	Optimization 2: Chosen parameters:	: {
                          	    "expansions": 1,
                          	    "lambda_": 0.1764376184303632
                          	}
2020-06-15 17:54:42.253908		 RESULTS: Solved:: 0.92, Mean length 38.08695652173913
2020-06-15 17:54:42.262433	Optimization 2: Score: 0.024155251141552512
2020-06-15 17:54:42.292695	Optimization 3: Chosen parameters:	: {
                          	    "expansions": 4999,
                          	    "lambda_": 0.37969933393306976
                          	}
2020-06-15 18:03:25.026971		 RESULTS: Solved:: 0.01, Mean length 19.0
2020-06-15 18:03:25.296483	Optimization 3: Score: 0.0005263157894736842
2020-06-15 18:03:25.325202	Optimization 4: Chosen parameters:	: {
                          	    "expansions": 1,
                          	    "lambda_": 0.4007876950798084
                          	}
2020-06-15 18:10:23.189781		 RESULTS: Solved:: 0.35, Mean length 25.457142857142856
2020-06-15 18:10:23.215038	Optimization 4: Score: 0.013748597081930415
2020-06-15 18:10:23.260937	Optimization 5: Chosen parameters:	: {
                          	    "expansions": 4999,
                          	    "lambda_": 0.46749222574948396
                          	}
2020-06-15 18:19:10.072363		 RESULTS: Solved:: 0, Mean length -1
2020-06-15 18:19:10.342398	Optimization 5: Score: -0.0
2020-06-15 18:19:10.390804	Optimization 6: Chosen parameters:	: {
                          	    "expansions": 1,
                          	    "lambda_": 0.0981745190025019
                          	}
2020-06-15 18:20:54.985131		 RESULTS: Solved:: 1.0, Mean length 48.77
2020-06-15 18:20:54.990420	Optimization 6: Score: 0.02050440844781628
2020-06-15 18:20:55.047717	Optimization 7: Chosen parameters:	: {
                          	    "expansions": 4998,
                          	    "lambda_": 0.030918930437918324
                          	}
2020-06-15 18:29:35.530873		 RESULTS: Solved:: 0.02, Mean length 19.0
2020-06-15 18:29:35.793430	Optimization 7: Score: 0.0010526315789473684
2020-06-15 18:29:35.850101	Optimization 8: Chosen parameters:	: {
                          	    "expansions": 2,
                          	    "lambda_": 0.45453836796681235
                          	}
2020-06-15 18:36:23.570335		 RESULTS: Solved:: 0.34, Mean length 23.823529411764707
2020-06-15 18:36:23.614109	Optimization 8: Score: 0.014271604938271605
2020-06-15 18:36:23.663793	Optimization 9: Chosen parameters:	: {
                          	    "expansions": 2,
                          	    "lambda_": 0.21993399637922756
                          	}
2020-06-15 18:37:42.904578		 RESULTS: Solved:: 0.99, Mean length 33.41414141414141
2020-06-15 18:37:42.913688	Optimization 9: Score: 0.029628174123337365
2020-06-15 18:37:42.963548	Optimization 10: Chosen parameters:	: {
                          	    "expansions": 4999,
                          	    "lambda_": 0.45680551797830715
                          	}
2020-06-15 18:46:26.573909		 RESULTS: Solved:: 0.02, Mean length 19.0
2020-06-15 18:46:26.845764	Optimization 10: Score: 0.0010526315789473684
2020-06-15 18:46:26.895502	Optimization 11: Chosen parameters:	: {
                          	    "expansions": 1,
                          	    "lambda_": 0.4639054839124423
                          	}
2020-06-15 18:54:12.453012		 RESULTS: Solved:: 0.16, Mean length 23.1875
2020-06-15 18:54:12.478076	Optimization 11: Score: 0.0069002695417789755
2020-06-15 18:54:12.523945	Optimization 12: Chosen parameters:	: {
                          	    "expansions": 4999,
                          	    "lambda_": 0.41396288878565174
                          	}
2020-06-15 19:02:54.676545		 RESULTS: Solved:: 0, Mean length -1
2020-06-15 19:02:54.948652	Optimization 12: Score: -0.0
2020-06-15 19:02:55.004116	Optimization 13: Chosen parameters:	: {
                          	    "expansions": 1,
                          	    "lambda_": 0.3967503762821423
                          	}
2020-06-15 19:09:33.964311		 RESULTS: Solved:: 0.4, Mean length 25.825
2020-06-15 19:09:33.979414	Optimization 13: Score: 0.015488867376573089
2020-06-15 19:09:34.025530	Optimization 14: Chosen parameters:	: {
                          	    "expansions": 4999,
                          	    "lambda_": 0.41370117899972464
                          	}
2020-06-15 19:18:16.904417		 RESULTS: Solved:: 0.04, Mean length 19.25
2020-06-15 19:18:17.172585	Optimization 14: Score: 0.002077922077922078
2020-06-15 19:18:17.223962	Optimization 15: Chosen parameters:	: {
                          	    "expansions": 1,
                          	    "lambda_": 0.08249272143904329
                          	}
2020-06-15 19:20:01.230093		 RESULTS: Solved:: 0.99, Mean length 51.26262626262626
2020-06-15 19:20:01.235049	Optimization 15: Score: 0.01931231527093596
2020-06-15 19:20:01.286196	Optimization 16: Chosen parameters:	: {
                          	    "expansions": 4999,
                          	    "lambda_": 0.1305997445870914
                          	}
2020-06-15 19:28:40.100991		 RESULTS: Solved:: 0.02, Mean length 19.0
2020-06-15 19:28:40.359500	Optimization 16: Score: 0.0010526315789473684
2020-06-15 19:28:40.408270	Optimization 17: Chosen parameters:	: {
                          	    "expansions": 1,
                          	    "lambda_": 0.4792357076596036
                          	}
2020-06-15 19:36:22.598680		 RESULTS: Solved:: 0.13, Mean length 22.46153846153846
2020-06-15 19:36:22.623516	Optimization 17: Score: 0.005787671232876713
2020-06-15 19:36:22.680148	Optimization 18: Chosen parameters:	: {
                          	    "expansions": 4998,
                          	    "lambda_": 0.11402987739305176
                          	}
2020-06-15 19:45:00.195151		 RESULTS: Solved:: 0.01, Mean length 18.0
2020-06-15 19:45:00.454045	Optimization 18: Score: 0.0005555555555555556
2020-06-15 19:45:00.502672	Optimization 19: Chosen parameters:	: {
                          	    "expansions": 1,
                          	    "lambda_": 0.138663519773074
                          	}
2020-06-15 19:47:01.308810		 RESULTS: Solved:: 0.94, Mean length 41.9468085106383
2020-06-15 19:47:01.312083	Optimization 19: Score: 0.022409332995181334
2020-06-15 19:47:01.369267	Optimization 20: Chosen parameters:	: {
                          	    "expansions": 4999,
                          	    "lambda_": 0.24399835216355426
                          	}
2020-06-15 19:55:38.613251		 RESULTS: Solved:: 0.01, Mean length 19.0
2020-06-15 19:55:38.879909	Optimization 20: Score: 0.0005263157894736842
2020-06-15 19:55:38.929767	Optimization 21: Chosen parameters:	: {
                          	    "expansions": 1,
                          	    "lambda_": 0.06598831160430063
                          	}
2020-06-15 19:57:25.808247		 RESULTS: Solved:: 0.99, Mean length 54.04040404040404
2020-06-15 19:57:25.811406	Optimization 21: Score: 0.018319626168224298
2020-06-15 19:57:25.864847	Optimization 22: Chosen parameters:	: {
                          	    "expansions": 4999,
                          	    "lambda_": 0.3682550336171978
                          	}
2020-06-15 20:06:06.493868		 RESULTS: Solved:: 0.01, Mean length 19.0
2020-06-15 20:06:06.761550	Optimization 22: Score: 0.0005263157894736842
2020-06-15 20:06:06.810771	Optimization 23: Chosen parameters:	: {
                          	    "expansions": 1,
                          	    "lambda_": 0.43409551460227097
                          	}
2020-06-15 20:13:44.530086		 RESULTS: Solved:: 0.19, Mean length 24.31578947368421
2020-06-15 20:13:44.547256	Optimization 23: Score: 0.007813852813852815
2020-06-15 20:13:44.609310	Optimization 24: Chosen parameters:	: {
                          	    "expansions": 4999,
                          	    "lambda_": 0.32060928852380594
                          	}
2020-06-15 20:22:24.079020		 RESULTS: Solved:: 0.02, Mean length 19.0
2020-06-15 20:22:24.346252	Optimization 24: Score: 0.0010526315789473684
2020-06-15 20:22:24.394244	Optimization 25: Chosen parameters:	: {
                          	    "expansions": 1,
                          	    "lambda_": 0.20656850029570645
                          	}
2020-06-15 20:24:45.518769		 RESULTS: Solved:: 0.95, Mean length 35.54736842105263
2020-06-15 20:24:45.522161	Optimization 25: Score: 0.02672490376073438
2020-06-15 20:24:45.575516	Optimization 26: Chosen parameters:	: {
                          	    "expansions": 1,
                          	    "lambda_": 0.4423587289677494
                          	}
2020-06-15 20:32:30.332939		 RESULTS: Solved:: 0.15, Mean length 24.133333333333333
2020-06-15 20:32:30.360107	Optimization 26: Score: 0.006215469613259668
2020-06-15 20:32:30.416938	Optimization 27: Chosen parameters:	: {
                          	    "expansions": 4999,
                          	    "lambda_": 0.08992929305905112
                          	}
2020-06-15 20:41:09.641429		 RESULTS: Solved:: 0.03, Mean length 19.0
2020-06-15 20:41:09.908615	Optimization 27: Score: 0.0015789473684210526
2020-06-15 20:41:09.965747	Optimization 28: Chosen parameters:	: {
                          	    "expansions": 1,
                          	    "lambda_": 0.1795860632210361
                          	}
2020-06-15 20:43:19.293006		 RESULTS: Solved:: 0.97, Mean length 37.5360824742268
2020-06-15 20:43:19.299305	Optimization 28: Score: 0.025841801702828893
2020-06-15 20:43:19.356637	Optimization 29: Chosen parameters:	: {
                          	    "expansions": 4999,
                          	    "lambda_": 0.267409614027727
                          	}
2020-06-15 20:51:57.956484		 RESULTS: Solved:: 0.03, Mean length 19.0
2020-06-15 20:51:58.218668	Optimization 29: Score: 0.0015789473684210526
2020-06-15 20:51:58.284840	Optimization 30: Chosen parameters:	: {
                          	    "expansions": 1,
                          	    "lambda_": 0.214467488032191
                          	}
2020-06-15 20:54:20.802265		 RESULTS: Solved:: 0.96, Mean length 34.583333333333336
2020-06-15 20:54:20.812174	Optimization 30: Score: 0.027759036144578312
2020-06-15 20:54:20.869244	Optimization 31: Chosen parameters:	: {
                          	    "expansions": 4999,
                          	    "lambda_": 0.3218075048597746
                          	}
2020-06-15 21:03:00.704205		 RESULTS: Solved:: 0.01, Mean length 19.0
2020-06-15 21:03:00.968124	Optimization 31: Score: 0.0005263157894736842
2020-06-15 21:03:01.030496	Optimization 32: Chosen parameters:	: {
                          	    "expansions": 1,
                          	    "lambda_": 0.4606691809855334
                          	}
2020-06-15 21:10:33.061959		 RESULTS: Solved:: 0.19, Mean length 23.526315789473685
2020-06-15 21:10:33.089282	Optimization 32: Score: 0.00807606263982103
2020-06-15 21:10:33.149003	Optimization 33: Chosen parameters:	: {
                          	    "expansions": 4999,
                          	    "lambda_": 0.27416484536183927
                          	}
2020-06-15 21:19:06.217832		 RESULTS: Solved:: 0.02, Mean length 20.0
2020-06-15 21:19:06.468224	Optimization 33: Score: 0.001
2020-06-15 21:19:06.533400	Optimization 34: Chosen parameters:	: {
                          	    "expansions": 1,
                          	    "lambda_": 0.23048603724249278
                          	}
2020-06-15 21:21:38.953580		 RESULTS: Solved:: 0.98, Mean length 33.08163265306123
2020-06-15 21:21:38.974957	Optimization 34: Score: 0.02962368908081431
2020-06-15 21:21:39.036604	Optimization 35: Chosen parameters:	: {
                          	    "expansions": 4999,
                          	    "lambda_": 0.46220878993311626
                          	}
2020-06-15 21:30:10.755047		 RESULTS: Solved:: 0.07, Mean length 19.571428571428573
2020-06-15 21:30:11.012648	Optimization 35: Score: 0.0035766423357664234
2020-06-15 21:30:11.067032	Optimization 36: Chosen parameters:	: {
                          	    "expansions": 1,
                          	    "lambda_": 0.41462504976222947
                          	}
2020-06-15 21:36:49.360289		 RESULTS: Solved:: 0.37, Mean length 24.56756756756757
2020-06-15 21:36:49.375114	Optimization 36: Score: 0.01506050605060506
2020-06-15 21:36:49.440699	Optimization 37: Chosen parameters:	: {
                          	    "expansions": 4999,
                          	    "lambda_": 0.4851771949519834
                          	}
2020-06-15 21:45:23.706722		 RESULTS: Solved:: 0.06, Mean length 19.833333333333332
2020-06-15 21:45:23.966140	Optimization 37: Score: 0.0030252100840336134
2020-06-15 21:45:24.028885	Optimization 38: Chosen parameters:	: {
                          	    "expansions": 2,
                          	    "lambda_": 0.468917879331928
                          	}
2020-06-15 21:52:17.786093		 RESULTS: Solved:: 0.34, Mean length 23.205882352941178
2020-06-15 21:52:17.826918	Optimization 38: Score: 0.014651457541191381
2020-06-15 21:52:17.886903	Optimization 39: Chosen parameters:	: {
                          	    "expansions": 1,
                          	    "lambda_": 0.0031225903817755363
                          	}
2020-06-15 21:55:03.904749		 RESULTS: Solved:: 0.74, Mean length 64.06756756756756
2020-06-15 21:55:03.908157	Optimization 39: Score: 0.01155030584264923
2020-06-15 21:55:03.967029	Optimization 40: Chosen parameters:	: {
                          	    "expansions": 4999,
                          	    "lambda_": 0.29853370165719884
                          	}
2020-06-15 22:03:34.844829		 RESULTS: Solved:: 0.03, Mean length 20.333333333333332
2020-06-15 22:03:35.096039	Optimization 40: Score: 0.0014754098360655738
2020-06-15 22:03:35.164552	Optimization 41: Chosen parameters:	: {
                          	    "expansions": 2,
                          	    "lambda_": 0.35682837823593716
                          	}
2020-06-15 22:07:24.898065		 RESULTS: Solved:: 0.89, Mean length 26.730337078651687
2020-06-15 22:07:24.915109	Optimization 41: Score: 0.03329550231189576
2020-06-15 22:07:24.980142	Optimization 42: Chosen parameters:	: {
                          	    "expansions": 4999,
                          	    "lambda_": 0.47887965283669415
                          	}
2020-06-15 22:15:59.130176		 RESULTS: Solved:: 0.02, Mean length 19.0
2020-06-15 22:15:59.391445	Optimization 42: Score: 0.0010526315789473684
2020-06-15 22:15:59.467633	Optimization 43: Chosen parameters:	: {
                          	    "expansions": 1,
                          	    "lambda_": 0.4662278716025158
                          	}
