2020-06-08 06:51:10.526220	Star

2020-06-08 06:51:10.526309	Creating evaluator
                          	Games per scrambling depth: 500
                          	Scrambling depths: range(100, 101)
2020-06-08 06:51:11.167776	Loaded model from /home/asger/Desktop/rl-rubiks/data/local_alpha
2020-06-08 06:51:11.167878	Initialized Star with agents AStar (lambda=0.2, N=100) alphahigh, AStar (lambda=0.2, N=100) alphalow, AStar (lambda=0.2, N=100) alpha0, AStar (lambda=0.2, N=100) alphamed
2020-06-08 06:51:11.167921	TIME ESTIMATE: 333.33 min.	(Rough upper bound)
2020-06-08 06:51:11.725959	Beginning evaluator Star
                          	Location data/local_alpha/star
                          	Commit: fb08487c58ed6d8556a2e6c6ad5a54d6dfd7e877

2020-06-08 06:51:11.726168	Evaluationg agent AStar (lambda=0.2, N=100) alphahigh

2020-06-08 06:51:11.726261	Evaluation of AStar (lambda=0.2, N=100)
2020-06-08 06:51:11.726309	500 games with max time per game 10.0
                          	Expected time <= ~83.33 min
2020-06-08 07:06:37.166110	Performed evaluation at depth: 100/100
2020-06-08 07:06:37.166403	Evaluation results
                          	Scrambling depth 100
                          		Share completed: 5.40 % +/- 2 % (approx. 95 % CI)
                          		Turns to win: 25.78 +/- 2.2 (std.), Median: 26
                          		States seen: Pr. game: 170656.13 +/- 24148 (std.), Pr. sec.: 92086.92 +/- 1302 (std.)
                          		Time:  1.85 +/- 0.26 (std.)
                          	S: 99.05 p/m 0.02
2020-06-08 07:06:37.181555	Evaluation runtime
                          	Execution times                                    | Total time | Hits |    Avg. time
                          	Evaluation of AStar (lambda=0.2, N=100). Depth 100 |  925.437 s |  500 | 1,850.874 ms
2020-06-08 07:06:37.182168	Saved evaluation results to
                          	data/local_alpha/star/evaluation_results/AStar (lambda=0.2, N=100) alphahigh_results.npy
                          	data/local_alpha/star/evaluation_results/AStar (lambda=0.2, N=100) alphahigh_states_seen.npy

2020-06-08 07:06:37.182264	Evaluationg agent AStar (lambda=0.2, N=100) alphalow

2020-06-08 07:06:37.182331	Evaluation of AStar (lambda=0.2, N=100)
2020-06-08 07:06:37.182368	500 games with max time per game 10.0
                          	Expected time <= ~83.33 min
2020-06-08 07:17:06.910141	Performed evaluation at depth: 100/100
2020-06-08 07:17:06.910412	Evaluation results
                          	Scrambling depth 100
                          		Share completed: 56.80 % +/- 4 % (approx. 95 % CI)
                          		Turns to win: 28.00 +/- 2.7 (std.), Median: 28
                          		States seen: Pr. game: 116920.22 +/- 61710 (std.), Pr. sec.: 91947.21 +/- 3032 (std.)
                          		Time:  1.26 +/- 0.66 (std.)
                          	S: 99.57 p/m 0.04
2020-06-08 07:17:06.911421	Evaluation runtime
                          	Execution times                                    |  Total time |  Hits |    Avg. time
                          	Evaluation of AStar (lambda=0.2, N=100). Depth 100 | 1,555.162 s | 1,000 | 1,555.162 ms
2020-06-08 07:17:06.912013	Saved evaluation results to
                          	data/local_alpha/star/evaluation_results/AStar (lambda=0.2, N=100) alphalow_results.npy
                          	data/local_alpha/star/evaluation_results/AStar (lambda=0.2, N=100) alphalow_states_seen.npy

2020-06-08 07:17:06.912114	Evaluationg agent AStar (lambda=0.2, N=100) alpha0

2020-06-08 07:17:06.912216	Evaluation of AStar (lambda=0.2, N=100)
2020-06-08 07:17:06.912253	500 games with max time per game 10.0
                          	Expected time <= ~83.33 min
2020-06-08 07:26:58.991644	Performed evaluation at depth: 100/100
2020-06-08 07:26:58.991937	Evaluation results
                          	Scrambling depth 100
                          		Share completed: 63.20 % +/- 4 % (approx. 95 % CI)
                          		Turns to win: 28.51 +/- 2.7 (std.), Median: 28
                          		States seen: Pr. game: 110143.47 +/- 61112 (std.), Pr. sec.: 92189.77 +/- 3125 (std.)
                          		Time:  1.18 +/- 0.65 (std.)
                          	S: 99.63 p/m 0.04
2020-06-08 07:26:58.993070	Evaluation runtime
                          	Execution times                                    |  Total time |  Hits |    Avg. time
                          	Evaluation of AStar (lambda=0.2, N=100). Depth 100 | 2,147.238 s | 1,500 | 1,431.492 ms
2020-06-08 07:26:58.993626	Saved evaluation results to
                          	data/local_alpha/star/evaluation_results/AStar (lambda=0.2, N=100) alpha0_results.npy
                          	data/local_alpha/star/evaluation_results/AStar (lambda=0.2, N=100) alpha0_states_seen.npy

2020-06-08 07:26:58.993722	Evaluationg agent AStar (lambda=0.2, N=100) alphamed

2020-06-08 07:26:58.993790	Evaluation of AStar (lambda=0.2, N=100)
2020-06-08 07:26:58.993825	500 games with max time per game 10.0
                          	Expected time <= ~83.33 min
2020-06-08 07:38:37.630316	Performed evaluation at depth: 100/100
2020-06-08 07:38:37.630579	Evaluation results
                          	Scrambling depth 100
                          		Share completed: 48.00 % +/- 4 % (approx. 95 % CI)
                          		Turns to win: 28.02 +/- 2.7 (std.), Median: 28
                          		States seen: Pr. game: 129378.73 +/- 58003 (std.), Pr. sec.: 91845.40 +/- 2815 (std.)
                          		Time:  1.40 +/- 0.62 (std.)
                          	S: 99.48 p/m 0.04
2020-06-08 07:38:37.631619	Evaluation runtime
                          	Execution times                                    |  Total time |  Hits |    Avg. time
                          	Evaluation of AStar (lambda=0.2, N=100). Depth 100 | 2,845.871 s | 2,000 | 1,422.936 ms
2020-06-08 07:38:37.632167	Saved evaluation results to
                          	data/local_alpha/star/evaluation_results/AStar (lambda=0.2, N=100) alphamed_results.npy
                          	data/local_alpha/star/evaluation_results/AStar (lambda=0.2, N=100) alphamed_states_seen.npy
