2020-06-17 10:16:36.544303	BFS

2020-06-17 10:16:36.545618	Creating evaluator
                          	Games per scrambling depth: 1000
                          	Scrambling depths: range(0, 0)
2020-06-17 10:16:36.546344	Initialized BFS with agents Breadth-first search
2020-06-17 10:16:36.547100	TIME ESTIMATE: 83.33 min.	(Rough upper bound)
2020-06-17 14:01:08.135931	Beginning evaluator BFS
                          	Location ../rubiks-models/main/bfs
                          	Commit: cbb25e8e3db36c756250ff6b632a028bb1d98cf0

2020-06-17 14:01:08.141204	Evaluationg agent Breadth-first search

2020-06-17 14:01:08.142764	Evaluation of Breadth-first search
2020-06-17 14:01:08.143637	1000 cubes
                          	Maximum solve time per cube is 5.000 s and estimated total time <= 83.333 min
                          	No max states given
2020-06-17 15:25:39.437649	Evaluation results
                          	Scrambling depth deep
                          		Share completed: 0.00 % +/- 0 % (approx. 95 % CI)
                          		States seen: Pr. game: 662336.84 +/- 3429 (std.), Pr. sec.: 130693.58 +/- 717 (std.)
                          		Time:  5.07 +/- 0.01 (std.)
2020-06-17 15:25:39.450188	Evaluation runtime
                          	Execution times                                             |  Total time |  Hits |    Avg. time
                          	Evaluation of AStar (lambda=0.16, N=700). Depth 100 - 999   |   889.914 s | 1,000 |   889.914 ms
                          	Evaluation of BFS MCTS (c=4.13). Depth 100 - 999            | 1,784.110 s | 1,000 | 1,784.110 ms
                          	Evaluation of Greedy policy. Depth 100 - 999                | 5,001.005 s | 1,000 | 5,001.005 ms
                          	Evaluation of Greedy value. Depth 100 - 999                 | 5,000.825 s | 1,000 | 5,000.825 ms
                          	Evaluation of EGVM (e=0.375, w=500, d=250). Depth 100 - 999 |   786.036 s | 1,000 |   786.036 ms
                          	Evaluation of Breadth-first search. Depth 100 - 999         | 5,067.872 s | 1,000 | 5,067.872 ms
2020-06-17 15:25:39.462557	Saved evaluation results to
                          	../rubiks-models/main/bfs/evaluation_results/Breadth-first search_results.npy
                          	../rubiks-models/main/bfs/evaluation_results/Breadth-first search_states_seen.npy
                          	../rubiks-models/main/bfs/evaluation_results/Breadth-first search_playtimes.npy
2020-06-17 15:25:48.895734	Saved settings to ../rubiks-models/main/eval_settings.json and plots to
                          	../rubiks-models/main/eval_winrates.png
                          	../rubiks-models/main/eval_sollengths.png
                          	../rubiks-models/main/time_winrate.png
                          	../rubiks-models/main/states_winrate.png
                          	../rubiks-models/main/solve_length_dist.png
                          	../rubiks-models/main/time_dist.png
                          	../rubiks-models/main/state_dist.png
