2020-06-17 10:16:35.801417	MCTS

2020-06-17 10:16:35.802669	Creating evaluator
                          	Games per scrambling depth: 1000
                          	Scrambling depths: range(0, 0)
2020-06-17 10:16:35.984059	Loaded model from /zhome/ac/c/137651/rubiks-models/main
2020-06-17 10:16:35.985241	Initialized MCTS with agents BFS MCTS (c=4.13)
2020-06-17 10:16:35.986084	TIME ESTIMATE: 83.33 min.	(Rough upper bound)
2020-06-17 10:31:28.456869	Beginning evaluator MCTS
                          	Location ../rubiks-models/main/mcts
                          	Commit: cbb25e8e3db36c756250ff6b632a028bb1d98cf0

2020-06-17 10:31:28.460873	Evaluationg agent BFS MCTS (c=4.13)

2020-06-17 10:31:28.462758	Evaluation of BFS MCTS (c=4.13)
2020-06-17 10:31:28.463992	1000 cubes
                          	Maximum solve time per cube is 5.000 s and estimated total time <= 83.333 min
                          	No max states given
2020-06-17 11:01:14.378692	Evaluation results
                          	Scrambling depth deep
                          		Share completed: 94.60 % +/- 1 % (approx. 95 % CI)
                          		Turns to win: 87.22 +/- 35.4 (std.), Median: 84
                          		States seen: Pr. game: 7801.16 +/- 4809 (std.), Pr. sec.: 5193.01 +/- 1228 (std.)
                          		Time:  1.78 +/- 1.41 (std.)
2020-06-17 11:01:14.388460	Evaluation runtime
                          	Execution times                                           |  Total time |  Hits |    Avg. time
                          	Evaluation of AStar (lambda=0.16, N=700). Depth 100 - 999 |   889.914 s | 1,000 |   889.914 ms
                          	Evaluation of BFS MCTS (c=4.13). Depth 100 - 999          | 1,784.110 s | 1,000 | 1,784.110 ms
2020-06-17 11:01:14.399910	Saved evaluation results to
                          	../rubiks-models/main/mcts/evaluation_results/BFS MCTS (c=4.13)_results.npy
                          	../rubiks-models/main/mcts/evaluation_results/BFS MCTS (c=4.13)_states_seen.npy
                          	../rubiks-models/main/mcts/evaluation_results/BFS MCTS (c=4.13)_playtimes.npy
