2020-06-17 10:16:36.177005	VALUE

2020-06-17 10:16:36.178346	Creating evaluator
                          	Games per scrambling depth: 1000
                          	Scrambling depths: range(0, 0)
2020-06-17 10:16:36.356595	Loaded model from /zhome/ac/c/137651/rubiks-models/main
2020-06-17 10:16:36.357912	Initialized VALUE with agents Greedy value
2020-06-17 10:16:36.358713	TIME ESTIMATE: 83.33 min.	(Rough upper bound)
2020-06-17 12:24:37.560579	Beginning evaluator VALUE
                          	Location ../rubiks-models/main/value
                          	Commit: cbb25e8e3db36c756250ff6b632a028bb1d98cf0

2020-06-17 12:24:37.566080	Evaluationg agent Greedy value

2020-06-17 12:24:37.567834	Evaluation of Greedy value
2020-06-17 12:24:37.568833	1000 cubes
                          	Maximum solve time per cube is 5.000 s and estimated total time <= 83.333 min
                          	No max states given
2020-06-17 13:48:00.129394	Evaluation results
                          	Scrambling depth deep
                          		Share completed: 0.00 % +/- 0 % (approx. 95 % CI)
                          		States seen: Pr. game: 8235.33 +/- 27 (std.), Pr. sec.: 1646.79 +/- 5 (std.)
                          		Time:  5.00 +/- 0.00 (std.)
2020-06-17 13:48:00.141102	Evaluation runtime
                          	Execution times                                           |  Total time |  Hits |    Avg. time
                          	Evaluation of AStar (lambda=0.16, N=700). Depth 100 - 999 |   889.914 s | 1,000 |   889.914 ms
                          	Evaluation of BFS MCTS (c=4.13). Depth 100 - 999          | 1,784.110 s | 1,000 | 1,784.110 ms
                          	Evaluation of Greedy policy. Depth 100 - 999              | 5,001.005 s | 1,000 | 5,001.005 ms
                          	Evaluation of Greedy value. Depth 100 - 999               | 5,000.825 s | 1,000 | 5,000.825 ms
2020-06-17 13:48:00.153299	Saved evaluation results to
                          	../rubiks-models/main/value/evaluation_results/Greedy value_results.npy
                          	../rubiks-models/main/value/evaluation_results/Greedy value_states_seen.npy
                          	../rubiks-models/main/value/evaluation_results/Greedy value_playtimes.npy
