2020-06-08 06:51:11.168016	Monte

2020-06-08 06:51:11.168080	Creating evaluator
                          	Games per scrambling depth: 500
                          	Scrambling depths: range(100, 101)
2020-06-08 06:51:11.704704	Loaded model from /home/asger/Desktop/rl-rubiks/data/local_alpha
2020-06-08 06:51:11.704805	Initialized Monte with agents Naive MCTS (c=0.6) alphahigh, Naive MCTS (c=0.6) alphalow, Naive MCTS (c=0.6) alpha0, Naive MCTS (c=0.6) alphamed
2020-06-08 06:51:11.704849	TIME ESTIMATE: 66.67 min.	(Rough upper bound)
2020-06-08 07:38:37.656196	Beginning evaluator Monte
                          	Location data/local_alpha/monte
                          	Commit: fb08487c58ed6d8556a2e6c6ad5a54d6dfd7e877

2020-06-08 07:38:37.656403	Evaluationg agent Naive MCTS (c=0.6) alphahigh

2020-06-08 07:38:37.656494	Evaluation of Naive MCTS (c=0.6)
2020-06-08 07:38:37.656543	500 games with max time per game 2.0
                          	Expected time <= ~16.67 min
2020-06-08 07:55:14.938453	Performed evaluation at depth: 100/100
2020-06-08 07:55:14.938720	Evaluation results
                          	Scrambling depth 100
                          		Share completed: 0.40 % +/- 1 % (approx. 95 % CI)
                          		Turns to win: 61.00 +/- 5.0 (std.), Median: 61
                          		States seen: Pr. game: 8056.47 +/- 920 (std.), Pr. sec.: 4046.78 +/- 444 (std.)
                          		Time:  1.99 +/- 0.11 (std.)
                          	S: 99.00 p/m 0.01
2020-06-08 07:55:14.941365	Evaluation runtime
                          	Execution times                                    |  Total time |  Hits |    Avg. time
                          	Evaluation of AStar (lambda=0.2, N=100). Depth 100 | 2,845.871 s | 2,000 | 1,422.936 ms
                          	Evaluation of Naive MCTS (c=0.6). Depth 100        |   997.279 s |   500 | 1,994.558 ms
2020-06-08 07:55:14.942113	Saved evaluation results to
                          	data/local_alpha/monte/evaluation_results/Naive MCTS (c=0.6) alphahigh_results.npy
                          	data/local_alpha/monte/evaluation_results/Naive MCTS (c=0.6) alphahigh_states_seen.npy

2020-06-08 07:55:14.942235	Evaluationg agent Naive MCTS (c=0.6) alphalow

2020-06-08 07:55:14.942304	Evaluation of Naive MCTS (c=0.6)
2020-06-08 07:55:14.942339	500 games with max time per game 2.0
                          	Expected time <= ~16.67 min
2020-06-08 08:11:17.219389	Performed evaluation at depth: 100/100
2020-06-08 08:11:17.219643	Evaluation results
                          	Scrambling depth 100
                          		Share completed: 7.00 % +/- 2 % (approx. 95 % CI)
                          		Turns to win: 81.83 +/- 30.1 (std.), Median: 86
                          		States seen: Pr. game: 8405.33 +/- 1477 (std.), Pr. sec.: 4447.72 +/- 642 (std.)
                          		Time:  1.92 +/- 0.32 (std.)
                          	S: 99.07 p/m 0.02
2020-06-08 08:11:17.220773	Evaluation runtime
                          	Execution times                                    |  Total time |  Hits |    Avg. time
                          	Evaluation of AStar (lambda=0.2, N=100). Depth 100 | 2,845.871 s | 2,000 | 1,422.936 ms
                          	Evaluation of Naive MCTS (c=0.6). Depth 100        | 1,959.553 s | 1,000 | 1,959.553 ms
2020-06-08 08:11:17.221395	Saved evaluation results to
                          	data/local_alpha/monte/evaluation_results/Naive MCTS (c=0.6) alphalow_results.npy
                          	data/local_alpha/monte/evaluation_results/Naive MCTS (c=0.6) alphalow_states_seen.npy

2020-06-08 08:11:17.221516	Evaluationg agent Naive MCTS (c=0.6) alpha0

2020-06-08 08:11:17.221618	Evaluation of Naive MCTS (c=0.6)
2020-06-08 08:11:17.221685	500 games with max time per game 2.0
                          	Expected time <= ~16.67 min
2020-06-08 08:27:12.835846	Performed evaluation at depth: 100/100
2020-06-08 08:27:12.836100	Evaluation results
                          	Scrambling depth 100
                          		Share completed: 7.60 % +/- 2 % (approx. 95 % CI)
                          		Turns to win: 82.32 +/- 30.8 (std.), Median: 76
                          		States seen: Pr. game: 8481.45 +/- 1525 (std.), Pr. sec.: 4526.04 +/- 632 (std.)
                          		Time:  1.91 +/- 0.35 (std.)
                          	S: 99.08 p/m 0.02
2020-06-08 08:27:12.837209	Evaluation runtime
                          	Execution times                                    |  Total time |  Hits |    Avg. time
                          	Evaluation of AStar (lambda=0.2, N=100). Depth 100 | 2,845.871 s | 2,000 | 1,422.936 ms
                          	Evaluation of Naive MCTS (c=0.6). Depth 100        | 2,915.165 s | 1,500 | 1,943.443 ms
2020-06-08 08:27:12.837835	Saved evaluation results to
                          	data/local_alpha/monte/evaluation_results/Naive MCTS (c=0.6) alpha0_results.npy
                          	data/local_alpha/monte/evaluation_results/Naive MCTS (c=0.6) alpha0_states_seen.npy

2020-06-08 08:27:12.837953	Evaluationg agent Naive MCTS (c=0.6) alphamed

2020-06-08 08:27:12.838022	Evaluation of Naive MCTS (c=0.6)
2020-06-08 08:27:12.838056	500 games with max time per game 2.0
                          	Expected time <= ~16.67 min
2020-06-08 08:43:19.801613	Performed evaluation at depth: 100/100
2020-06-08 08:43:19.801851	Evaluation results
                          	Scrambling depth 100
                          		Share completed: 5.40 % +/- 2 % (approx. 95 % CI)
                          		Turns to win: 73.26 +/- 28.1 (std.), Median: 68
                          		States seen: Pr. game: 8251.69 +/- 1394 (std.), Pr. sec.: 4343.05 +/- 628 (std.)
                          		Time:  1.93 +/- 0.31 (std.)
                          	S: 99.05 p/m 0.02
2020-06-08 08:43:19.802870	Evaluation runtime
                          	Execution times                                    |  Total time |  Hits |    Avg. time
                          	Evaluation of AStar (lambda=0.2, N=100). Depth 100 | 2,845.871 s | 2,000 | 1,422.936 ms
                          	Evaluation of Naive MCTS (c=0.6). Depth 100        | 3,882.125 s | 2,000 | 1,941.063 ms
2020-06-08 08:43:19.803416	Saved evaluation results to
                          	data/local_alpha/monte/evaluation_results/Naive MCTS (c=0.6) alphamed_results.npy
                          	data/local_alpha/monte/evaluation_results/Naive MCTS (c=0.6) alphamed_states_seen.npy
2020-06-08 08:43:21.568361	Saved plots to ['data/local_alpha/eval_winrates.png', 'data/local_alpha/eval_sollengths.png', 'data/local_alpha/eval_S.png']
