2020-06-02 02:12:07.774471	ASTAR

2020-06-02 02:12:07.776247	Creating evaluator
                          	Games per scrambling depth: 500
                          	Scrambling depths: range(100, 101)
2020-06-02 02:12:08.152761	Loaded model from data/local_methodcompare
2020-06-02 02:12:08.153841	Initialized ASTAR with agents AStar (lambda=0.2, N=50) reward0, AStar (lambda=0.2, N=50) schultzfix
2020-06-02 02:12:08.154586	TIME ESTIMATE: 16.67 min.	(Rough upper bound)
2020-06-02 02:12:08.237875	Beginning evaluator ASTAR
                          	Location data/local_methodcompare
                          	Commit: 83b253e12be0384440de17771de2293d511dd3f9

2020-06-02 02:12:08.239801	Evaluationg agent AStar (lambda=0.2, N=50) reward0

2020-06-02 02:12:08.241372	Evaluation of AStar (lambda=0.2, N=50)
2020-06-02 02:12:08.242123	500 games with max time per game 1.0
                          	Expected time <= ~8.33 min
2020-06-02 02:20:29.663665	Performed evaluation at depth: 100/100
2020-06-02 02:20:29.667224	Evaluation results
                          	Scrambling depth 100
                          		Share completed: 0.00 % +/- 0 % (approx. 95 % CI)
                          		States seen: Pr. game: 137189.73 +/- 3675 (std.), Pr. sec.: 136804.21 +/- 3720 (std.)
                          		Time:  1.00 +/- 0.00 (std.)
                          	S: 99.00 p/m 0.00
2020-06-02 02:20:29.672621	Evaluation runtime
                          	Execution times                                   | Total time | Hits |    Avg. time
                          	Evaluation of AStar (lambda=0.2, N=50). Depth 100 |  501.417 s |  500 | 1,002.834 ms

2020-06-02 02:20:29.685223	Evaluationg agent AStar (lambda=0.2, N=50) schultzfix

2020-06-02 02:20:29.686978	Evaluation of AStar (lambda=0.2, N=50)
2020-06-02 02:20:29.687725	500 games with max time per game 1.0
                          	Expected time <= ~8.33 min
2020-06-02 02:25:59.103233	Performed evaluation at depth: 100/100
2020-06-02 02:25:59.107402	Evaluation results
                          	Scrambling depth 100
                          		Share completed: 60.20 % +/- 4 % (approx. 95 % CI)
                          		Turns to win: 29.43 +/- 2.8 (std.), Median: 30
                          		States seen: Pr. game: 88976.49 +/- 48676 (std.), Pr. sec.: 132060.35 +/- 10513 (std.)
                          		Time:  0.66 +/- 0.35 (std.)
                          	S: 99.60 p/m 0.04
2020-06-02 02:25:59.114230	Evaluation runtime
                          	Execution times                                   | Total time |  Hits |  Avg. time
                          	Evaluation of AStar (lambda=0.2, N=50). Depth 100 |  830.828 s | 1,000 | 830.828 ms
2020-06-02 02:26:00.126249	Saved plots to ['data/local_methodcompare/eval_winrates.png', 'data/local_methodcompare/eval_sollengths.png', 'data/local_methodcompare/eval_S.png']
