2020-06-17 10:16:35.989721	POLICY

2020-06-17 10:16:35.991079	Creating evaluator
                          	Games per scrambling depth: 1000
                          	Scrambling depths: range(0, 0)
2020-06-17 10:16:36.170369	Loaded model from /zhome/ac/c/137651/rubiks-models/main
2020-06-17 10:16:36.172255	Initialized POLICY with agents Greedy policy
2020-06-17 10:16:36.173147	TIME ESTIMATE: 83.33 min.	(Rough upper bound)
2020-06-17 11:01:14.585642	Beginning evaluator POLICY
                          	Location ../rubiks-models/main/policy
                          	Commit: cbb25e8e3db36c756250ff6b632a028bb1d98cf0

2020-06-17 11:01:14.589536	Evaluationg agent Greedy policy

2020-06-17 11:01:14.591234	Evaluation of Greedy policy
2020-06-17 11:01:14.592231	1000 cubes
                          	Maximum solve time per cube is 5.000 s and estimated total time <= 83.333 min
                          	No max states given
2020-06-17 12:24:37.324578	Evaluation results
                          	Scrambling depth deep
                          		Share completed: 0.00 % +/- 0 % (approx. 95 % CI)
                          		States seen: Pr. game: 10945.69 +/- 14 (std.), Pr. sec.: 2188.70 +/- 3 (std.)
                          		Time:  5.00 +/- 0.00 (std.)
2020-06-17 12:24:37.336876	Evaluation runtime
                          	Execution times                                           |  Total time |  Hits |    Avg. time
                          	Evaluation of AStar (lambda=0.16, N=700). Depth 100 - 999 |   889.914 s | 1,000 |   889.914 ms
                          	Evaluation of BFS MCTS (c=4.13). Depth 100 - 999          | 1,784.110 s | 1,000 | 1,784.110 ms
                          	Evaluation of Greedy policy. Depth 100 - 999              | 5,001.005 s | 1,000 | 5,001.005 ms
2020-06-17 12:24:37.349240	Saved evaluation results to
                          	../rubiks-models/main/policy/evaluation_results/Greedy policy_results.npy
                          	../rubiks-models/main/policy/evaluation_results/Greedy policy_states_seen.npy
                          	../rubiks-models/main/policy/evaluation_results/Greedy policy_playtimes.npy
