2020-06-08 10:24:54.933083	Star

2020-06-08 10:24:54.933164	Creating evaluator
                          	Games per scrambling depth: 500
                          	Scrambling depths: range(100, 101)
2020-06-08 10:24:55.562492	Loaded model from /home/asger/Desktop/rl-rubiks/data/local_tau_much_batch
2020-06-08 10:24:55.562598	Initialized Star with agents AStar (lambda=0.2, N=100) hightau, AStar (lambda=0.2, N=100) smolbatch, AStar (lambda=0.2, N=100) bigbatch_lowtau, AStar (lambda=0.2, N=100) bigbatch_medtau
2020-06-08 10:24:55.562643	TIME ESTIMATE: 333.33 min.	(Rough upper bound)
2020-06-08 10:24:56.122172	Beginning evaluator Star
                          	Location data/local_tau_much_batch/star
                          	Commit: fb08487c58ed6d8556a2e6c6ad5a54d6dfd7e877

2020-06-08 10:24:56.122377	Evaluationg agent AStar (lambda=0.2, N=100) hightau

2020-06-08 10:24:56.122463	Evaluation of AStar (lambda=0.2, N=100)
2020-06-08 10:24:56.122511	500 games with max time per game 10.0
                          	Expected time <= ~83.33 min
2020-06-08 10:34:51.349298	Performed evaluation at depth: 100/100
2020-06-08 10:34:51.349569	Evaluation results
                          	Scrambling depth 100
                          		Share completed: 62.20 % +/- 4 % (approx. 95 % CI)
                          		Turns to win: 28.82 +/- 2.7 (std.), Median: 28
                          		States seen: Pr. game: 110885.34 +/- 61151 (std.), Pr. sec.: 92432.33 +/- 2680 (std.)
                          		Time:  1.19 +/- 0.65 (std.)
                          	S: 99.62 p/m 0.04
2020-06-08 10:34:51.350705	Evaluation runtime
                          	Execution times                                    | Total time | Hits |    Avg. time
                          	Evaluation of AStar (lambda=0.2, N=100). Depth 100 |  595.224 s |  500 | 1,190.448 ms
2020-06-08 10:34:51.351365	Saved evaluation results to
                          	data/local_tau_much_batch/star/evaluation_results/AStar (lambda=0.2, N=100) hightau_results.npy
                          	data/local_tau_much_batch/star/evaluation_results/AStar (lambda=0.2, N=100) hightau_states_seen.npy

2020-06-08 10:34:51.351464	Evaluationg agent AStar (lambda=0.2, N=100) smolbatch

2020-06-08 10:34:51.351533	Evaluation of AStar (lambda=0.2, N=100)
2020-06-08 10:34:51.351568	500 games with max time per game 10.0
                          	Expected time <= ~83.33 min
2020-06-08 10:39:05.878702	Performed evaluation at depth: 100/100
2020-06-08 10:39:05.878955	Evaluation results
                          	Scrambling depth 100
                          		Share completed: 99.80 % +/- 0 % (approx. 95 % CI)
                          		Turns to win: 42.00 +/- 14.6 (std.), Median: 38
                          		States seen: Pr. game: 47890.75 +/- 26564 (std.), Pr. sec.: 93908.50 +/- 1902 (std.)
                          		Time:  0.51 +/- 0.28 (std.)
                          	S: 100.00 p/m 0.00
2020-06-08 10:39:05.880003	Evaluation runtime
                          	Execution times                                    | Total time |  Hits |  Avg. time
                          	Evaluation of AStar (lambda=0.2, N=100). Depth 100 |  849.748 s | 1,000 | 849.748 ms
2020-06-08 10:39:05.880579	Saved evaluation results to
                          	data/local_tau_much_batch/star/evaluation_results/AStar (lambda=0.2, N=100) smolbatch_results.npy
                          	data/local_tau_much_batch/star/evaluation_results/AStar (lambda=0.2, N=100) smolbatch_states_seen.npy

2020-06-08 10:39:05.880711	Evaluationg agent AStar (lambda=0.2, N=100) bigbatch_lowtau

2020-06-08 10:39:05.880785	Evaluation of AStar (lambda=0.2, N=100)
2020-06-08 10:39:05.880822	500 games with max time per game 10.0
                          	Expected time <= ~83.33 min
2020-06-08 10:46:49.629793	Performed evaluation at depth: 100/100
2020-06-08 10:46:49.630050	Evaluation results
                          	Scrambling depth 100
                          		Share completed: 84.40 % +/- 3 % (approx. 95 % CI)
                          		Turns to win: 29.41 +/- 2.7 (std.), Median: 30
                          		States seen: Pr. game: 87100.55 +/- 53477 (std.), Pr. sec.: 93285.46 +/- 2520 (std.)
                          		Time:  0.93 +/- 0.56 (std.)
                          	S: 99.84 p/m 0.03
2020-06-08 10:46:49.631043	Evaluation runtime
                          	Execution times                                    |  Total time |  Hits |  Avg. time
                          	Evaluation of AStar (lambda=0.2, N=100). Depth 100 | 1,313.494 s | 1,500 | 875.663 ms
2020-06-08 10:46:49.631645	Saved evaluation results to
                          	data/local_tau_much_batch/star/evaluation_results/AStar (lambda=0.2, N=100) bigbatch_lowtau_results.npy
                          	data/local_tau_much_batch/star/evaluation_results/AStar (lambda=0.2, N=100) bigbatch_lowtau_states_seen.npy

2020-06-08 10:46:49.631749	Evaluationg agent AStar (lambda=0.2, N=100) bigbatch_medtau

2020-06-08 10:46:49.631858	Evaluation of AStar (lambda=0.2, N=100)
2020-06-08 10:46:49.631892	500 games with max time per game 10.0
                          	Expected time <= ~83.33 min
2020-06-08 10:52:38.567857	Performed evaluation at depth: 100/100
2020-06-08 10:52:38.568110	Evaluation results
                          	Scrambling depth 100
                          		Share completed: 94.80 % +/- 2 % (approx. 95 % CI)
                          		Turns to win: 29.58 +/- 2.9 (std.), Median: 30
                          		States seen: Pr. game: 65600.95 +/- 42164 (std.), Pr. sec.: 93538.09 +/- 2491 (std.)
                          		Time:  0.70 +/- 0.44 (std.)
                          	S: 99.95 p/m 0.02
2020-06-08 10:52:38.569149	Evaluation runtime
                          	Execution times                                    |  Total time |  Hits |  Avg. time
                          	Evaluation of AStar (lambda=0.2, N=100). Depth 100 | 1,662.427 s | 2,000 | 831.213 ms
2020-06-08 10:52:38.569659	Saved evaluation results to
                          	data/local_tau_much_batch/star/evaluation_results/AStar (lambda=0.2, N=100) bigbatch_medtau_results.npy
                          	data/local_tau_much_batch/star/evaluation_results/AStar (lambda=0.2, N=100) bigbatch_medtau_states_seen.npy
